  Water.cpp
  SkyManager.cpp
  Shader.cpp
  ResourceManager.cpp
  Profiler.cpp
  PlayerMP.cpp
  Player.cpp
  Map.cpp
  Main.cpp
c:\program files (x86)\windows kits\8.1\include\shared\minwindef.h(130): warning C4005: 'APIENTRY' : macro redefinition
          d:\programming\penguinbasket\dependencies\include\glfw\glfw3.h(92) : see previous definition of 'APIENTRY'
d:\programming\penguinbasket\common\databuffer.h(31): warning C4251: 'DataBuffer::m_data' : class 'std::vector<char,std::allocator<char>>' needs to have dll-interface to be used by clients of class 'DataBuffer'
d:\programming\penguinbasket\common\packetplayerconnected.h(12): warning C4251: 'PacketPlayerConnected::m_name' : class 'std::basic_string<char,std::char_traits<char>,std::allocator<char>>' needs to have dll-interface to be used by clients of class 'PacketPlayerConnected'
d:\programming\penguinbasket\common\packetchat.h(12): warning C4251: 'PacketChat::m_message' : class 'std::basic_string<char,std::char_traits<char>,std::allocator<char>>' needs to have dll-interface to be used by clients of class 'PacketChat'
d:\programming\penguinbasket\penguinbasket\main.cpp(349): warning C4305: 'argument' : truncation from 'double' to 'GLfloat'
d:\programming\penguinbasket\penguinbasket\main.cpp(363): warning C4305: 'argument' : truncation from 'double' to 'GLfloat'
  ItemTool.cpp
  ItemBlock.cpp
  Item.cpp
  Inventory.cpp
  Entry.cpp
c:\program files (x86)\windows kits\8.1\include\shared\minwindef.h(130): warning C4005: 'APIENTRY' : macro redefinition
          d:\programming\penguinbasket\dependencies\include\glfw\glfw3.h(92) : see previous definition of 'APIENTRY'
d:\programming\penguinbasket\common\databuffer.h(31): warning C4251: 'DataBuffer::m_data' : class 'std::vector<char,std::allocator<char>>' needs to have dll-interface to be used by clients of class 'DataBuffer'
d:\programming\penguinbasket\common\packetplayerconnected.h(12): warning C4251: 'PacketPlayerConnected::m_name' : class 'std::basic_string<char,std::char_traits<char>,std::allocator<char>>' needs to have dll-interface to be used by clients of class 'PacketPlayerConnected'
d:\programming\penguinbasket\common\packetchat.h(12): warning C4251: 'PacketChat::m_message' : class 'std::basic_string<char,std::char_traits<char>,std::allocator<char>>' needs to have dll-interface to be used by clients of class 'PacketChat'
  EntityItem.cpp
  Entity.cpp
  Client.cpp
d:\programming\penguinbasket\common\databuffer.h(31): warning C4251: 'DataBuffer::m_data' : class 'std::vector<char,std::allocator<char>>' needs to have dll-interface to be used by clients of class 'DataBuffer'
d:\programming\penguinbasket\common\packetplayerconnected.h(12): warning C4251: 'PacketPlayerConnected::m_name' : class 'std::basic_string<char,std::char_traits<char>,std::allocator<char>>' needs to have dll-interface to be used by clients of class 'PacketPlayerConnected'
d:\programming\penguinbasket\common\packetchat.h(12): warning C4251: 'PacketChat::m_message' : class 'std::basic_string<char,std::char_traits<char>,std::allocator<char>>' needs to have dll-interface to be used by clients of class 'PacketChat'
  Block.cpp
  Generating Code...
glfw3.lib(context.obj) : warning LNK4099: PDB 'glfw3.pdb' was not found with 'glfw3.lib(context.obj)' or at 'D:\Programming\PenguinBasket\Debug\glfw3.pdb'; linking object as if no debug info
glfw3.lib(gamma.obj) : warning LNK4099: PDB 'glfw3.pdb' was not found with 'glfw3.lib(gamma.obj)' or at 'D:\Programming\PenguinBasket\Debug\glfw3.pdb'; linking object as if no debug info
glfw3.lib(init.obj) : warning LNK4099: PDB 'glfw3.pdb' was not found with 'glfw3.lib(init.obj)' or at 'D:\Programming\PenguinBasket\Debug\glfw3.pdb'; linking object as if no debug info
glfw3.lib(input.obj) : warning LNK4099: PDB 'glfw3.pdb' was not found with 'glfw3.lib(input.obj)' or at 'D:\Programming\PenguinBasket\Debug\glfw3.pdb'; linking object as if no debug info
glfw3.lib(monitor.obj) : warning LNK4099: PDB 'glfw3.pdb' was not found with 'glfw3.lib(monitor.obj)' or at 'D:\Programming\PenguinBasket\Debug\glfw3.pdb'; linking object as if no debug info
glfw3.lib(time.obj) : warning LNK4099: PDB 'glfw3.pdb' was not found with 'glfw3.lib(time.obj)' or at 'D:\Programming\PenguinBasket\Debug\glfw3.pdb'; linking object as if no debug info
glfw3.lib(window.obj) : warning LNK4099: PDB 'glfw3.pdb' was not found with 'glfw3.lib(window.obj)' or at 'D:\Programming\PenguinBasket\Debug\glfw3.pdb'; linking object as if no debug info
glfw3.lib(win32_gamma.obj) : warning LNK4099: PDB 'glfw3.pdb' was not found with 'glfw3.lib(win32_gamma.obj)' or at 'D:\Programming\PenguinBasket\Debug\glfw3.pdb'; linking object as if no debug info
glfw3.lib(win32_init.obj) : warning LNK4099: PDB 'glfw3.pdb' was not found with 'glfw3.lib(win32_init.obj)' or at 'D:\Programming\PenguinBasket\Debug\glfw3.pdb'; linking object as if no debug info
glfw3.lib(win32_joystick.obj) : warning LNK4099: PDB 'glfw3.pdb' was not found with 'glfw3.lib(win32_joystick.obj)' or at 'D:\Programming\PenguinBasket\Debug\glfw3.pdb'; linking object as if no debug info
glfw3.lib(win32_monitor.obj) : warning LNK4099: PDB 'glfw3.pdb' was not found with 'glfw3.lib(win32_monitor.obj)' or at 'D:\Programming\PenguinBasket\Debug\glfw3.pdb'; linking object as if no debug info
glfw3.lib(win32_time.obj) : warning LNK4099: PDB 'glfw3.pdb' was not found with 'glfw3.lib(win32_time.obj)' or at 'D:\Programming\PenguinBasket\Debug\glfw3.pdb'; linking object as if no debug info
glfw3.lib(win32_window.obj) : warning LNK4099: PDB 'glfw3.pdb' was not found with 'glfw3.lib(win32_window.obj)' or at 'D:\Programming\PenguinBasket\Debug\glfw3.pdb'; linking object as if no debug info
glfw3.lib(wgl_context.obj) : warning LNK4099: PDB 'glfw3.pdb' was not found with 'glfw3.lib(wgl_context.obj)' or at 'D:\Programming\PenguinBasket\Debug\glfw3.pdb'; linking object as if no debug info
glew32sd.lib(glew.obj) : warning LNK4099: PDB 'vc120.pdb' was not found with 'glew32sd.lib(glew.obj)' or at 'D:\Programming\PenguinBasket\Debug\vc120.pdb'; linking object as if no debug info
SOIL.lib(image_DXT.obj) : warning LNK4099: PDB 'vc110.pdb' was not found with 'SOIL.lib(image_DXT.obj)' or at 'D:\Programming\PenguinBasket\Debug\vc110.pdb'; linking object as if no debug info
SOIL.lib(image_helper.obj) : warning LNK4099: PDB 'vc110.pdb' was not found with 'SOIL.lib(image_helper.obj)' or at 'D:\Programming\PenguinBasket\Debug\vc110.pdb'; linking object as if no debug info
SOIL.lib(SOIL.obj) : warning LNK4099: PDB 'vc110.pdb' was not found with 'SOIL.lib(SOIL.obj)' or at 'D:\Programming\PenguinBasket\Debug\vc110.pdb'; linking object as if no debug info
SOIL.lib(stb_image_aug.obj) : warning LNK4099: PDB 'vc110.pdb' was not found with 'SOIL.lib(stb_image_aug.obj)' or at 'D:\Programming\PenguinBasket\Debug\vc110.pdb'; linking object as if no debug info
freetype.lib(autofit.obj) : warning LNK4099: PDB 'vc120.pdb' was not found with 'freetype.lib(autofit.obj)' or at 'D:\Programming\PenguinBasket\Debug\vc120.pdb'; linking object as if no debug info
freetype.lib(bdf.obj) : warning LNK4099: PDB 'vc120.pdb' was not found with 'freetype.lib(bdf.obj)' or at 'D:\Programming\PenguinBasket\Debug\vc120.pdb'; linking object as if no debug info
freetype.lib(cff.obj) : warning LNK4099: PDB 'vc120.pdb' was not found with 'freetype.lib(cff.obj)' or at 'D:\Programming\PenguinBasket\Debug\vc120.pdb'; linking object as if no debug info
freetype.lib(ftbase.obj) : warning LNK4099: PDB 'vc120.pdb' was not found with 'freetype.lib(ftbase.obj)' or at 'D:\Programming\PenguinBasket\Debug\vc120.pdb'; linking object as if no debug info
freetype.lib(ftbitmap.obj) : warning LNK4099: PDB 'vc120.pdb' was not found with 'freetype.lib(ftbitmap.obj)' or at 'D:\Programming\PenguinBasket\Debug\vc120.pdb'; linking object as if no debug info
freetype.lib(ftdebug.obj) : warning LNK4099: PDB 'vc120.pdb' was not found with 'freetype.lib(ftdebug.obj)' or at 'D:\Programming\PenguinBasket\Debug\vc120.pdb'; linking object as if no debug info
freetype.lib(ftgzip.obj) : warning LNK4099: PDB 'vc120.pdb' was not found with 'freetype.lib(ftgzip.obj)' or at 'D:\Programming\PenguinBasket\Debug\vc120.pdb'; linking object as if no debug info
freetype.lib(ftinit.obj) : warning LNK4099: PDB 'vc120.pdb' was not found with 'freetype.lib(ftinit.obj)' or at 'D:\Programming\PenguinBasket\Debug\vc120.pdb'; linking object as if no debug info
freetype.lib(ftlzw.obj) : warning LNK4099: PDB 'vc120.pdb' was not found with 'freetype.lib(ftlzw.obj)' or at 'D:\Programming\PenguinBasket\Debug\vc120.pdb'; linking object as if no debug info
freetype.lib(ftsystem.obj) : warning LNK4099: PDB 'vc120.pdb' was not found with 'freetype.lib(ftsystem.obj)' or at 'D:\Programming\PenguinBasket\Debug\vc120.pdb'; linking object as if no debug info
freetype.lib(smooth.obj) : warning LNK4099: PDB 'vc120.pdb' was not found with 'freetype.lib(smooth.obj)' or at 'D:\Programming\PenguinBasket\Debug\vc120.pdb'; linking object as if no debug info
freetype.lib(pcf.obj) : warning LNK4099: PDB 'vc120.pdb' was not found with 'freetype.lib(pcf.obj)' or at 'D:\Programming\PenguinBasket\Debug\vc120.pdb'; linking object as if no debug info
freetype.lib(pfr.obj) : warning LNK4099: PDB 'vc120.pdb' was not found with 'freetype.lib(pfr.obj)' or at 'D:\Programming\PenguinBasket\Debug\vc120.pdb'; linking object as if no debug info
freetype.lib(psaux.obj) : warning LNK4099: PDB 'vc120.pdb' was not found with 'freetype.lib(psaux.obj)' or at 'D:\Programming\PenguinBasket\Debug\vc120.pdb'; linking object as if no debug info
freetype.lib(pshinter.obj) : warning LNK4099: PDB 'vc120.pdb' was not found with 'freetype.lib(pshinter.obj)' or at 'D:\Programming\PenguinBasket\Debug\vc120.pdb'; linking object as if no debug info
freetype.lib(psmodule.obj) : warning LNK4099: PDB 'vc120.pdb' was not found with 'freetype.lib(psmodule.obj)' or at 'D:\Programming\PenguinBasket\Debug\vc120.pdb'; linking object as if no debug info
freetype.lib(raster.obj) : warning LNK4099: PDB 'vc120.pdb' was not found with 'freetype.lib(raster.obj)' or at 'D:\Programming\PenguinBasket\Debug\vc120.pdb'; linking object as if no debug info
freetype.lib(sfnt.obj) : warning LNK4099: PDB 'vc120.pdb' was not found with 'freetype.lib(sfnt.obj)' or at 'D:\Programming\PenguinBasket\Debug\vc120.pdb'; linking object as if no debug info
freetype.lib(truetype.obj) : warning LNK4099: PDB 'vc120.pdb' was not found with 'freetype.lib(truetype.obj)' or at 'D:\Programming\PenguinBasket\Debug\vc120.pdb'; linking object as if no debug info
freetype.lib(type1.obj) : warning LNK4099: PDB 'vc120.pdb' was not found with 'freetype.lib(type1.obj)' or at 'D:\Programming\PenguinBasket\Debug\vc120.pdb'; linking object as if no debug info
freetype.lib(type1cid.obj) : warning LNK4099: PDB 'vc120.pdb' was not found with 'freetype.lib(type1cid.obj)' or at 'D:\Programming\PenguinBasket\Debug\vc120.pdb'; linking object as if no debug info
freetype.lib(type42.obj) : warning LNK4099: PDB 'vc120.pdb' was not found with 'freetype.lib(type42.obj)' or at 'D:\Programming\PenguinBasket\Debug\vc120.pdb'; linking object as if no debug info
freetype.lib(winfnt.obj) : warning LNK4099: PDB 'vc120.pdb' was not found with 'freetype.lib(winfnt.obj)' or at 'D:\Programming\PenguinBasket\Debug\vc120.pdb'; linking object as if no debug info
  PenguinBasket.vcxproj -> D:\Programming\PenguinBasket\Debug\PenguinBasket.exe
