d:\programming\penguinbasket\penguinbasket\debug\vc140.pdb
d:\programming\penguinbasket\penguinbasket\debug\vc140.idb
d:\programming\penguinbasket\penguinbasket\debug\block.obj
d:\programming\penguinbasket\penguinbasket\debug\client.obj
d:\programming\penguinbasket\penguinbasket\debug\entity.obj
d:\programming\penguinbasket\penguinbasket\debug\entityitem.obj
d:\programming\penguinbasket\penguinbasket\debug\entry.obj
d:\programming\penguinbasket\penguinbasket\debug\inventory.obj
d:\programming\penguinbasket\penguinbasket\debug\item.obj
d:\programming\penguinbasket\penguinbasket\debug\itemblock.obj
d:\programming\penguinbasket\penguinbasket\debug\itemtool.obj
d:\programming\penguinbasket\penguinbasket\debug\main.obj
d:\programming\penguinbasket\penguinbasket\debug\map.obj
d:\programming\penguinbasket\penguinbasket\debug\player.obj
d:\programming\penguinbasket\penguinbasket\debug\playermp.obj
d:\programming\penguinbasket\penguinbasket\debug\profiler.obj
d:\programming\penguinbasket\penguinbasket\debug\resourcemanager.obj
d:\programming\penguinbasket\penguinbasket\debug\shader.obj
d:\programming\penguinbasket\penguinbasket\debug\skymanager.obj
d:\programming\penguinbasket\penguinbasket\debug\water.obj
d:\programming\penguinbasket\debug\penguinbasket.pdb
d:\programming\penguinbasket\penguinbasket\debug\penguinbasket.tlog\cl.command.1.tlog
d:\programming\penguinbasket\penguinbasket\debug\penguinbasket.tlog\cl.read.1.tlog
d:\programming\penguinbasket\penguinbasket\debug\penguinbasket.tlog\cl.write.1.tlog
d:\programming\penguinbasket\penguinbasket\debug\penguinbasket.tlog\link-cvtres.read.1.tlog
d:\programming\penguinbasket\penguinbasket\debug\penguinbasket.tlog\link-cvtres.write.1.tlog
d:\programming\penguinbasket\penguinbasket\debug\penguinbasket.tlog\link-rc.read.1.tlog
d:\programming\penguinbasket\penguinbasket\debug\penguinbasket.tlog\link-rc.write.1.tlog
d:\programming\penguinbasket\penguinbasket\debug\penguinbasket.tlog\link.command.1.tlog
d:\programming\penguinbasket\penguinbasket\debug\penguinbasket.tlog\link.read.1.tlog
d:\programming\penguinbasket\penguinbasket\debug\penguinbasket.tlog\link.write.1.tlog
