c:\users\sharkdx\desktop\penguinbasket\server\debug\vc120.pdb
c:\users\sharkdx\desktop\penguinbasket\server\debug\vc120.idb
c:\users\sharkdx\desktop\penguinbasket\server\debug\databuffer.obj
c:\users\sharkdx\desktop\penguinbasket\server\debug\entity.obj
c:\users\sharkdx\desktop\penguinbasket\server\debug\game.obj
c:\users\sharkdx\desktop\penguinbasket\server\debug\logger.obj
c:\users\sharkdx\desktop\penguinbasket\server\debug\player.obj
c:\users\sharkdx\desktop\penguinbasket\server\debug\client.obj
c:\users\sharkdx\desktop\penguinbasket\server\debug\main.obj
c:\users\sharkdx\desktop\penguinbasket\server\debug\map.obj
c:\users\sharkdx\desktop\penguinbasket\server\debug\server.obj
c:\users\sharkdx\desktop\penguinbasket\debug\server.ilk
c:\users\sharkdx\desktop\penguinbasket\debug\server.exe
c:\users\sharkdx\desktop\penguinbasket\debug\server.pdb
c:\users\sharkdx\desktop\penguinbasket\server\debug\server.tlog\cl.command.1.tlog
c:\users\sharkdx\desktop\penguinbasket\server\debug\server.tlog\cl.read.1.tlog
c:\users\sharkdx\desktop\penguinbasket\server\debug\server.tlog\cl.write.1.tlog
c:\users\sharkdx\desktop\penguinbasket\server\debug\server.tlog\link.command.1.tlog
c:\users\sharkdx\desktop\penguinbasket\server\debug\server.tlog\link.read.1.tlog
c:\users\sharkdx\desktop\penguinbasket\server\debug\server.tlog\link.write.1.tlog
